#-----------------------------------------------------------
# Vivado v2018.3 (64-bit)
# SW Build 2405991 on Thu Dec  6 23:38:27 MST 2018
# IP Build 2404404 on Fri Dec  7 01:43:56 MST 2018
# Start of session at: Fri Oct  8 22:50:39 2021
# Process ID: 9420
# Current directory: C:/verilog files/innovative_electronic_door
# Command line: vivado.exe -gui_launcher_event rodinguilauncherevent8160 C:\verilog files\innovative_electronic_door\innovative_electronic_door.xpr
# Log file: C:/verilog files/innovative_electronic_door/vivado.log
# Journal file: C:/verilog files/innovative_electronic_door\vivado.jou
#-----------------------------------------------------------
start_gui
open_project {C:/verilog files/innovative_electronic_door/innovative_electronic_door.xpr}
Scanning sources...
Finished scanning sources
INFO: [IP_Flow 19-234] Refreshing IP repositories
INFO: [IP_Flow 19-1704] No user IP repositories specified
INFO: [IP_Flow 19-2313] Loaded Vivado IP repository 'C:/Xilinx/Vivado/2018.3/data/ip'.
open_project: Time (s): cpu = 00:00:35 ; elapsed = 00:00:17 . Memory (MB): peak = 731.777 ; gain = 137.574
update_compile_order -fileset sources_1
exit
INFO: [Common 17-206] Exiting Vivado at Fri Oct  8 22:54:06 2021...
